[1.691s] DEBUG:colcon:Command line arguments: ['/usr/bin/colcon', 'build']
[1.691s] DEBUG:colcon:Parsed command line arguments: Namespace(log_base=None, log_level=None, verb_name='build', build_base='build', install_base='install', merge_install=False, symlink_install=False, test_result_base=None, continue_on_error=False, executor='parallel', parallel_workers=2, event_handlers=None, ignore_user_meta=False, metas=['./colcon.meta'], base_paths=['.'], packages_ignore=None, packages_ignore_regex=None, paths=None, packages_up_to=None, packages_up_to_regex=None, packages_above=None, packages_above_and_dependencies=None, packages_above_depth=None, packages_select_by_dep=None, packages_skip_by_dep=None, packages_skip_up_to=None, packages_select_build_failed=False, packages_skip_build_finished=False, packages_select_test_failures=False, packages_skip_test_passed=False, packages_select=None, packages_skip=None, packages_select_regex=None, packages_skip_regex=None, packages_start=None, packages_end=None, allow_overriding=[], cmake_args=None, cmake_target=None, cmake_target_skip_unavailable=False, cmake_clean_cache=False, cmake_clean_first=False, cmake_force_configure=False, ament_cmake_args=None, catkin_cmake_args=None, catkin_skip_building_tests=False, mixin_files=None, mixin=None, verb_parser=<colcon_mixin.mixin.mixin_argument.MixinArgumentDecorator object at 0x79f5dfc8c770>, verb_extension=<colcon_core.verb.build.BuildVerb object at 0x79f5dfc8c440>, main=<bound method BuildVerb.main of <colcon_core.verb.build.BuildVerb object at 0x79f5dfc8c440>>, mixin_verb=('build',))
[2.220s] Level 1:colcon.colcon_core.package_discovery:discover_packages(colcon_meta) check parameters
[2.221s] Level 1:colcon.colcon_core.package_discovery:discover_packages(recursive) check parameters
[2.221s] Level 1:colcon.colcon_core.package_discovery:discover_packages(ignore) check parameters
[2.222s] Level 1:colcon.colcon_core.package_discovery:discover_packages(path) check parameters
[2.222s] Level 1:colcon.colcon_core.package_discovery:discover_packages(colcon_meta) discover
[2.222s] Level 1:colcon.colcon_core.package_discovery:discover_packages(recursive) discover
[2.223s] INFO:colcon.colcon_core.package_discovery:Crawling recursively for packages in '/home/vboxuser/arduinobot_ws'
[2.224s] Level 1:colcon.colcon_core.package_identification:_identify(.) by extensions ['ignore', 'ignore_ament_install']
[2.225s] Level 1:colcon.colcon_core.package_identification:_identify(.) by extension 'ignore'
[2.226s] Level 1:colcon.colcon_core.package_identification:_identify(.) by extension 'ignore_ament_install'
[2.226s] Level 1:colcon.colcon_core.package_identification:_identify(.) by extensions ['colcon_pkg']
[2.227s] Level 1:colcon.colcon_core.package_identification:_identify(.) by extension 'colcon_pkg'
[2.227s] Level 1:colcon.colcon_core.package_identification:_identify(.) by extensions ['colcon_meta']
[2.227s] Level 1:colcon.colcon_core.package_identification:_identify(.) by extension 'colcon_meta'
[2.227s] Level 1:colcon.colcon_core.package_identification:_identify(.) by extensions ['ros']
[2.227s] Level 1:colcon.colcon_core.package_identification:_identify(.) by extension 'ros'
[2.714s] Level 1:colcon.colcon_core.package_identification:_identify(.) by extensions ['cmake', 'python']
[2.714s] Level 1:colcon.colcon_core.package_identification:_identify(.) by extension 'cmake'
[2.715s] Level 1:colcon.colcon_core.package_identification:_identify(.) by extension 'python'
[2.716s] Level 1:colcon.colcon_core.package_identification:_identify(.) by extensions ['python_setup_py']
[2.719s] Level 1:colcon.colcon_core.package_identification:_identify(.) by extension 'python_setup_py'
[2.721s] Level 1:colcon.colcon_core.package_identification:_identify(build) by extensions ['ignore', 'ignore_ament_install']
[2.724s] Level 1:colcon.colcon_core.package_identification:_identify(build) by extension 'ignore'
[2.724s] Level 1:colcon.colcon_core.package_identification:_identify(build) ignored
[2.726s] Level 1:colcon.colcon_core.package_identification:_identify(install) by extensions ['ignore', 'ignore_ament_install']
[2.759s] Level 1:colcon.colcon_core.package_identification:_identify(install) by extension 'ignore'
[2.759s] Level 1:colcon.colcon_core.package_identification:_identify(install) ignored
[2.759s] Level 1:colcon.colcon_core.package_identification:_identify(log) by extensions ['ignore', 'ignore_ament_install']
[2.760s] Level 1:colcon.colcon_core.package_identification:_identify(log) by extension 'ignore'
[2.760s] Level 1:colcon.colcon_core.package_identification:_identify(log) ignored
[2.760s] Level 1:colcon.colcon_core.package_identification:_identify(src) by extensions ['ignore', 'ignore_ament_install']
[2.761s] Level 1:colcon.colcon_core.package_identification:_identify(src) by extension 'ignore'
[2.761s] Level 1:colcon.colcon_core.package_identification:_identify(src) by extension 'ignore_ament_install'
[2.761s] Level 1:colcon.colcon_core.package_identification:_identify(src) by extensions ['colcon_pkg']
[2.761s] Level 1:colcon.colcon_core.package_identification:_identify(src) by extension 'colcon_pkg'
[2.761s] Level 1:colcon.colcon_core.package_identification:_identify(src) by extensions ['colcon_meta']
[2.761s] Level 1:colcon.colcon_core.package_identification:_identify(src) by extension 'colcon_meta'
[2.762s] Level 1:colcon.colcon_core.package_identification:_identify(src) by extensions ['ros']
[2.762s] Level 1:colcon.colcon_core.package_identification:_identify(src) by extension 'ros'
[2.762s] Level 1:colcon.colcon_core.package_identification:_identify(src) by extensions ['cmake', 'python']
[2.762s] Level 1:colcon.colcon_core.package_identification:_identify(src) by extension 'cmake'
[2.762s] Level 1:colcon.colcon_core.package_identification:_identify(src) by extension 'python'
[2.762s] Level 1:colcon.colcon_core.package_identification:_identify(src) by extensions ['python_setup_py']
[2.763s] Level 1:colcon.colcon_core.package_identification:_identify(src) by extension 'python_setup_py'
[2.763s] Level 1:colcon.colcon_core.package_identification:_identify(src/arduinobot_cpp_examples) by extensions ['ignore', 'ignore_ament_install']
[2.764s] Level 1:colcon.colcon_core.package_identification:_identify(src/arduinobot_cpp_examples) by extension 'ignore'
[2.765s] Level 1:colcon.colcon_core.package_identification:_identify(src/arduinobot_cpp_examples) by extension 'ignore_ament_install'
[2.765s] Level 1:colcon.colcon_core.package_identification:_identify(src/arduinobot_cpp_examples) by extensions ['colcon_pkg']
[2.766s] Level 1:colcon.colcon_core.package_identification:_identify(src/arduinobot_cpp_examples) by extension 'colcon_pkg'
[2.766s] Level 1:colcon.colcon_core.package_identification:_identify(src/arduinobot_cpp_examples) by extensions ['colcon_meta']
[2.776s] Level 1:colcon.colcon_core.package_identification:_identify(src/arduinobot_cpp_examples) by extension 'colcon_meta'
[2.777s] Level 1:colcon.colcon_core.package_identification:_identify(src/arduinobot_cpp_examples) by extensions ['ros']
[2.778s] Level 1:colcon.colcon_core.package_identification:_identify(src/arduinobot_cpp_examples) by extension 'ros'
[2.793s] DEBUG:colcon.colcon_core.package_identification:Package 'src/arduinobot_cpp_examples' with type 'ros.ament_cmake' and name 'arduinobot_cpp_examples'
[2.793s] Level 1:colcon.colcon_core.package_identification:_identify(src/arduinobot_description) by extensions ['ignore', 'ignore_ament_install']
[2.794s] Level 1:colcon.colcon_core.package_identification:_identify(src/arduinobot_description) by extension 'ignore'
[2.794s] Level 1:colcon.colcon_core.package_identification:_identify(src/arduinobot_description) by extension 'ignore_ament_install'
[2.794s] Level 1:colcon.colcon_core.package_identification:_identify(src/arduinobot_description) by extensions ['colcon_pkg']
[2.794s] Level 1:colcon.colcon_core.package_identification:_identify(src/arduinobot_description) by extension 'colcon_pkg'
[2.795s] Level 1:colcon.colcon_core.package_identification:_identify(src/arduinobot_description) by extensions ['colcon_meta']
[2.795s] Level 1:colcon.colcon_core.package_identification:_identify(src/arduinobot_description) by extension 'colcon_meta'
[2.795s] Level 1:colcon.colcon_core.package_identification:_identify(src/arduinobot_description) by extensions ['ros']
[2.795s] Level 1:colcon.colcon_core.package_identification:_identify(src/arduinobot_description) by extension 'ros'
[2.797s] DEBUG:colcon.colcon_core.package_identification:Package 'src/arduinobot_description' with type 'ros.ament_cmake' and name 'arduinobot_description'
[2.798s] Level 1:colcon.colcon_core.package_identification:_identify(src/arduinobot_py_examples) by extensions ['ignore', 'ignore_ament_install']
[2.798s] Level 1:colcon.colcon_core.package_identification:_identify(src/arduinobot_py_examples) by extension 'ignore'
[2.798s] Level 1:colcon.colcon_core.package_identification:_identify(src/arduinobot_py_examples) by extension 'ignore_ament_install'
[2.798s] Level 1:colcon.colcon_core.package_identification:_identify(src/arduinobot_py_examples) by extensions ['colcon_pkg']
[2.798s] Level 1:colcon.colcon_core.package_identification:_identify(src/arduinobot_py_examples) by extension 'colcon_pkg'
[2.799s] Level 1:colcon.colcon_core.package_identification:_identify(src/arduinobot_py_examples) by extensions ['colcon_meta']
[2.799s] Level 1:colcon.colcon_core.package_identification:_identify(src/arduinobot_py_examples) by extension 'colcon_meta'
[2.799s] Level 1:colcon.colcon_core.package_identification:_identify(src/arduinobot_py_examples) by extensions ['ros']
[2.799s] Level 1:colcon.colcon_core.package_identification:_identify(src/arduinobot_py_examples) by extension 'ros'
[2.801s] DEBUG:colcon.colcon_core.package_identification:Package 'src/arduinobot_py_examples' with type 'ros.ament_python' and name 'arduinobot_py_examples'
[2.801s] Level 1:colcon.colcon_core.package_discovery:discover_packages(recursive) using defaults
[2.801s] Level 1:colcon.colcon_core.package_discovery:discover_packages(ignore) discover
[2.801s] Level 1:colcon.colcon_core.package_discovery:discover_packages(ignore) using defaults
[2.802s] Level 1:colcon.colcon_core.package_discovery:discover_packages(path) discover
[2.802s] Level 1:colcon.colcon_core.package_discovery:discover_packages(path) using defaults
[3.043s] Level 1:colcon.colcon_core.package_discovery:discover_packages(prefix_path) check parameters
[3.046s] Level 1:colcon.colcon_core.package_discovery:discover_packages(prefix_path) discover
[3.072s] DEBUG:colcon.colcon_installed_package_information.package_discovery:Found 3 installed packages in /home/vboxuser/arduinobot_ws/install
[3.099s] DEBUG:colcon.colcon_installed_package_information.package_discovery:Found 408 installed packages in /opt/ros/jazzy
[3.137s] Level 1:colcon.colcon_core.package_discovery:discover_packages(prefix_path) using defaults
[4.292s] Level 5:colcon.colcon_core.verb:set package 'arduinobot_cpp_examples' build argument 'cmake_args' from command line to 'None'
[4.292s] Level 5:colcon.colcon_core.verb:set package 'arduinobot_cpp_examples' build argument 'cmake_target' from command line to 'None'
[4.293s] Level 5:colcon.colcon_core.verb:set package 'arduinobot_cpp_examples' build argument 'cmake_target_skip_unavailable' from command line to 'False'
[4.293s] Level 5:colcon.colcon_core.verb:set package 'arduinobot_cpp_examples' build argument 'cmake_clean_cache' from command line to 'False'
[4.293s] Level 5:colcon.colcon_core.verb:set package 'arduinobot_cpp_examples' build argument 'cmake_clean_first' from command line to 'False'
[4.293s] Level 5:colcon.colcon_core.verb:set package 'arduinobot_cpp_examples' build argument 'cmake_force_configure' from command line to 'False'
[4.293s] Level 5:colcon.colcon_core.verb:set package 'arduinobot_cpp_examples' build argument 'ament_cmake_args' from command line to 'None'
[4.293s] Level 5:colcon.colcon_core.verb:set package 'arduinobot_cpp_examples' build argument 'catkin_cmake_args' from command line to 'None'
[4.293s] Level 5:colcon.colcon_core.verb:set package 'arduinobot_cpp_examples' build argument 'catkin_skip_building_tests' from command line to 'False'
[4.293s] DEBUG:colcon.colcon_core.verb:Building package 'arduinobot_cpp_examples' with the following arguments: {'ament_cmake_args': None, 'build_base': '/home/vboxuser/arduinobot_ws/build/arduinobot_cpp_examples', 'catkin_cmake_args': None, 'catkin_skip_building_tests': False, 'cmake_args': None, 'cmake_clean_cache': False, 'cmake_clean_first': False, 'cmake_force_configure': False, 'cmake_target': None, 'cmake_target_skip_unavailable': False, 'install_base': '/home/vboxuser/arduinobot_ws/install/arduinobot_cpp_examples', 'merge_install': False, 'path': '/home/vboxuser/arduinobot_ws/src/arduinobot_cpp_examples', 'symlink_install': False, 'test_result_base': None}
[4.300s] Level 5:colcon.colcon_core.verb:set package 'arduinobot_description' build argument 'cmake_args' from command line to 'None'
[4.302s] Level 5:colcon.colcon_core.verb:set package 'arduinobot_description' build argument 'cmake_target' from command line to 'None'
[4.302s] Level 5:colcon.colcon_core.verb:set package 'arduinobot_description' build argument 'cmake_target_skip_unavailable' from command line to 'False'
[4.302s] Level 5:colcon.colcon_core.verb:set package 'arduinobot_description' build argument 'cmake_clean_cache' from command line to 'False'
[4.302s] Level 5:colcon.colcon_core.verb:set package 'arduinobot_description' build argument 'cmake_clean_first' from command line to 'False'
[4.302s] Level 5:colcon.colcon_core.verb:set package 'arduinobot_description' build argument 'cmake_force_configure' from command line to 'False'
[4.302s] Level 5:colcon.colcon_core.verb:set package 'arduinobot_description' build argument 'ament_cmake_args' from command line to 'None'
[4.303s] Level 5:colcon.colcon_core.verb:set package 'arduinobot_description' build argument 'catkin_cmake_args' from command line to 'None'
[4.303s] Level 5:colcon.colcon_core.verb:set package 'arduinobot_description' build argument 'catkin_skip_building_tests' from command line to 'False'
[4.303s] DEBUG:colcon.colcon_core.verb:Building package 'arduinobot_description' with the following arguments: {'ament_cmake_args': None, 'build_base': '/home/vboxuser/arduinobot_ws/build/arduinobot_description', 'catkin_cmake_args': None, 'catkin_skip_building_tests': False, 'cmake_args': None, 'cmake_clean_cache': False, 'cmake_clean_first': False, 'cmake_force_configure': False, 'cmake_target': None, 'cmake_target_skip_unavailable': False, 'install_base': '/home/vboxuser/arduinobot_ws/install/arduinobot_description', 'merge_install': False, 'path': '/home/vboxuser/arduinobot_ws/src/arduinobot_description', 'symlink_install': False, 'test_result_base': None}
[4.309s] Level 5:colcon.colcon_core.verb:set package 'arduinobot_py_examples' build argument 'cmake_args' from command line to 'None'
[4.309s] Level 5:colcon.colcon_core.verb:set package 'arduinobot_py_examples' build argument 'cmake_target' from command line to 'None'
[4.309s] Level 5:colcon.colcon_core.verb:set package 'arduinobot_py_examples' build argument 'cmake_target_skip_unavailable' from command line to 'False'
[4.309s] Level 5:colcon.colcon_core.verb:set package 'arduinobot_py_examples' build argument 'cmake_clean_cache' from command line to 'False'
[4.309s] Level 5:colcon.colcon_core.verb:set package 'arduinobot_py_examples' build argument 'cmake_clean_first' from command line to 'False'
[4.309s] Level 5:colcon.colcon_core.verb:set package 'arduinobot_py_examples' build argument 'cmake_force_configure' from command line to 'False'
[4.309s] Level 5:colcon.colcon_core.verb:set package 'arduinobot_py_examples' build argument 'ament_cmake_args' from command line to 'None'
[4.313s] Level 5:colcon.colcon_core.verb:set package 'arduinobot_py_examples' build argument 'catkin_cmake_args' from command line to 'None'
[4.314s] Level 5:colcon.colcon_core.verb:set package 'arduinobot_py_examples' build argument 'catkin_skip_building_tests' from command line to 'False'
[4.314s] DEBUG:colcon.colcon_core.verb:Building package 'arduinobot_py_examples' with the following arguments: {'ament_cmake_args': None, 'build_base': '/home/vboxuser/arduinobot_ws/build/arduinobot_py_examples', 'catkin_cmake_args': None, 'catkin_skip_building_tests': False, 'cmake_args': None, 'cmake_clean_cache': False, 'cmake_clean_first': False, 'cmake_force_configure': False, 'cmake_target': None, 'cmake_target_skip_unavailable': False, 'install_base': '/home/vboxuser/arduinobot_ws/install/arduinobot_py_examples', 'merge_install': False, 'path': '/home/vboxuser/arduinobot_ws/src/arduinobot_py_examples', 'symlink_install': False, 'test_result_base': None}
[4.314s] INFO:colcon.colcon_core.executor:Executing jobs using 'parallel' executor
[4.319s] DEBUG:colcon.colcon_parallel_executor.executor.parallel:run_until_complete
[4.324s] INFO:colcon.colcon_ros.task.ament_cmake.build:Building ROS package in '/home/vboxuser/arduinobot_ws/src/arduinobot_cpp_examples' with build type 'ament_cmake'
[4.325s] INFO:colcon.colcon_cmake.task.cmake.build:Building CMake package in '/home/vboxuser/arduinobot_ws/src/arduinobot_cpp_examples'
[4.347s] INFO:colcon.colcon_core.plugin_system:Skipping extension 'colcon_core.shell.bat': Not used on non-Windows systems
[4.347s] INFO:colcon.colcon_core.shell:Skip shell extension 'powershell' for command environment: Not usable outside of PowerShell
[4.348s] DEBUG:colcon.colcon_core.shell:Skip shell extension 'dsv' for command environment
[4.395s] INFO:colcon.colcon_ros.task.ament_cmake.build:Building ROS package in '/home/vboxuser/arduinobot_ws/src/arduinobot_description' with build type 'ament_cmake'
[4.397s] INFO:colcon.colcon_cmake.task.cmake.build:Building CMake package in '/home/vboxuser/arduinobot_ws/src/arduinobot_description'
[4.397s] INFO:colcon.colcon_core.shell:Skip shell extension 'powershell' for command environment: Not usable outside of PowerShell
[4.398s] DEBUG:colcon.colcon_core.shell:Skip shell extension 'dsv' for command environment
[4.562s] DEBUG:colcon.colcon_core.event_handler.log_command:Invoking command in '/home/vboxuser/arduinobot_ws/build/arduinobot_cpp_examples': CMAKE_PREFIX_PATH=${CMAKE_PREFIX_PATH}:/home/vboxuser/arduinobot_ws/install/arduinobot_py_examples:/opt/ros/jazzy DEBUGINFOD_URLS=https://debuginfod.ubuntu.com /usr/bin/cmake --build /home/vboxuser/arduinobot_ws/build/arduinobot_cpp_examples -- -j2 -l2
[4.600s] DEBUG:colcon.colcon_core.event_handler.log_command:Invoking command in '/home/vboxuser/arduinobot_ws/build/arduinobot_description': CMAKE_PREFIX_PATH=${CMAKE_PREFIX_PATH}:/home/vboxuser/arduinobot_ws/install/arduinobot_py_examples:/opt/ros/jazzy DEBUGINFOD_URLS=https://debuginfod.ubuntu.com /usr/bin/cmake --build /home/vboxuser/arduinobot_ws/build/arduinobot_description -- -j2 -l2
[5.198s] DEBUG:colcon.colcon_core.event_handler.log_command:Invoked command in '/home/vboxuser/arduinobot_ws/build/arduinobot_cpp_examples' returned '0': CMAKE_PREFIX_PATH=${CMAKE_PREFIX_PATH}:/home/vboxuser/arduinobot_ws/install/arduinobot_py_examples:/opt/ros/jazzy DEBUGINFOD_URLS=https://debuginfod.ubuntu.com /usr/bin/cmake --build /home/vboxuser/arduinobot_ws/build/arduinobot_cpp_examples -- -j2 -l2
[5.300s] DEBUG:colcon.colcon_core.event_handler.log_command:Invoking command in '/home/vboxuser/arduinobot_ws/build/arduinobot_cpp_examples': CMAKE_PREFIX_PATH=${CMAKE_PREFIX_PATH}:/home/vboxuser/arduinobot_ws/install/arduinobot_py_examples:/opt/ros/jazzy DEBUGINFOD_URLS=https://debuginfod.ubuntu.com /usr/bin/cmake --install /home/vboxuser/arduinobot_ws/build/arduinobot_cpp_examples
[5.312s] DEBUG:colcon.colcon_core.event_handler.log_command:Invoked command in '/home/vboxuser/arduinobot_ws/build/arduinobot_description' returned '0': CMAKE_PREFIX_PATH=${CMAKE_PREFIX_PATH}:/home/vboxuser/arduinobot_ws/install/arduinobot_py_examples:/opt/ros/jazzy DEBUGINFOD_URLS=https://debuginfod.ubuntu.com /usr/bin/cmake --build /home/vboxuser/arduinobot_ws/build/arduinobot_description -- -j2 -l2
[5.323s] DEBUG:colcon.colcon_core.event_handler.log_command:Invoking command in '/home/vboxuser/arduinobot_ws/build/arduinobot_description': CMAKE_PREFIX_PATH=${CMAKE_PREFIX_PATH}:/home/vboxuser/arduinobot_ws/install/arduinobot_py_examples:/opt/ros/jazzy DEBUGINFOD_URLS=https://debuginfod.ubuntu.com /usr/bin/cmake --install /home/vboxuser/arduinobot_ws/build/arduinobot_description
[5.463s] Level 1:colcon.colcon_core.environment:create_environment_scripts_only(arduinobot_cpp_examples)
[5.542s] DEBUG:colcon.colcon_core.event_handler.log_command:Invoked command in '/home/vboxuser/arduinobot_ws/build/arduinobot_cpp_examples' returned '0': CMAKE_PREFIX_PATH=${CMAKE_PREFIX_PATH}:/home/vboxuser/arduinobot_ws/install/arduinobot_py_examples:/opt/ros/jazzy DEBUGINFOD_URLS=https://debuginfod.ubuntu.com /usr/bin/cmake --install /home/vboxuser/arduinobot_ws/build/arduinobot_cpp_examples
[5.549s] Level 1:colcon.colcon_core.environment:checking '/home/vboxuser/arduinobot_ws/install/arduinobot_cpp_examples' for CMake module files
[5.553s] Level 1:colcon.colcon_core.environment:checking '/home/vboxuser/arduinobot_ws/install/arduinobot_cpp_examples' for CMake config files
[5.561s] Level 1:colcon.colcon_core.shell:create_environment_hook('arduinobot_cpp_examples', 'cmake_prefix_path')
[5.562s] INFO:colcon.colcon_core.shell:Creating environment hook '/home/vboxuser/arduinobot_ws/install/arduinobot_cpp_examples/share/arduinobot_cpp_examples/hook/cmake_prefix_path.ps1'
[5.569s] INFO:colcon.colcon_core.shell:Creating environment descriptor '/home/vboxuser/arduinobot_ws/install/arduinobot_cpp_examples/share/arduinobot_cpp_examples/hook/cmake_prefix_path.dsv'
[5.574s] INFO:colcon.colcon_core.shell:Creating environment hook '/home/vboxuser/arduinobot_ws/install/arduinobot_cpp_examples/share/arduinobot_cpp_examples/hook/cmake_prefix_path.sh'
[5.583s] Level 1:colcon.colcon_core.environment:checking '/home/vboxuser/arduinobot_ws/install/arduinobot_cpp_examples/bin'
[5.583s] Level 1:colcon.colcon_core.environment:checking '/home/vboxuser/arduinobot_ws/install/arduinobot_cpp_examples/lib/pkgconfig/arduinobot_cpp_examples.pc'
[5.596s] Level 1:colcon.colcon_core.environment:checking '/home/vboxuser/arduinobot_ws/install/arduinobot_cpp_examples/lib/python3.12/site-packages'
[5.601s] Level 1:colcon.colcon_core.environment:checking '/home/vboxuser/arduinobot_ws/install/arduinobot_cpp_examples/bin'
[5.602s] INFO:colcon.colcon_core.shell:Creating package script '/home/vboxuser/arduinobot_ws/install/arduinobot_cpp_examples/share/arduinobot_cpp_examples/package.ps1'
[5.631s] INFO:colcon.colcon_core.shell:Creating package descriptor '/home/vboxuser/arduinobot_ws/install/arduinobot_cpp_examples/share/arduinobot_cpp_examples/package.dsv'
[5.657s] INFO:colcon.colcon_core.shell:Creating package script '/home/vboxuser/arduinobot_ws/install/arduinobot_cpp_examples/share/arduinobot_cpp_examples/package.sh'
[5.671s] INFO:colcon.colcon_core.shell:Creating package script '/home/vboxuser/arduinobot_ws/install/arduinobot_cpp_examples/share/arduinobot_cpp_examples/package.bash'
[5.685s] INFO:colcon.colcon_core.shell:Creating package script '/home/vboxuser/arduinobot_ws/install/arduinobot_cpp_examples/share/arduinobot_cpp_examples/package.zsh'
[5.700s] Level 1:colcon.colcon_core.environment:create_file_with_runtime_dependencies(/home/vboxuser/arduinobot_ws/install/arduinobot_cpp_examples/share/colcon-core/packages/arduinobot_cpp_examples)
[5.708s] Level 1:colcon.colcon_core.environment:create_environment_scripts_only(arduinobot_cpp_examples)
[5.709s] Level 1:colcon.colcon_core.environment:checking '/home/vboxuser/arduinobot_ws/install/arduinobot_cpp_examples' for CMake module files
[5.732s] Level 1:colcon.colcon_core.environment:checking '/home/vboxuser/arduinobot_ws/install/arduinobot_cpp_examples' for CMake config files
[5.741s] Level 1:colcon.colcon_core.shell:create_environment_hook('arduinobot_cpp_examples', 'cmake_prefix_path')
[5.744s] INFO:colcon.colcon_core.shell:Creating environment hook '/home/vboxuser/arduinobot_ws/install/arduinobot_cpp_examples/share/arduinobot_cpp_examples/hook/cmake_prefix_path.ps1'
[5.756s] INFO:colcon.colcon_core.shell:Creating environment descriptor '/home/vboxuser/arduinobot_ws/install/arduinobot_cpp_examples/share/arduinobot_cpp_examples/hook/cmake_prefix_path.dsv'
[5.760s] INFO:colcon.colcon_core.shell:Creating environment hook '/home/vboxuser/arduinobot_ws/install/arduinobot_cpp_examples/share/arduinobot_cpp_examples/hook/cmake_prefix_path.sh'
[5.770s] Level 1:colcon.colcon_core.environment:checking '/home/vboxuser/arduinobot_ws/install/arduinobot_cpp_examples/bin'
[5.770s] Level 1:colcon.colcon_core.environment:checking '/home/vboxuser/arduinobot_ws/install/arduinobot_cpp_examples/lib/pkgconfig/arduinobot_cpp_examples.pc'
[5.774s] Level 1:colcon.colcon_core.environment:checking '/home/vboxuser/arduinobot_ws/install/arduinobot_cpp_examples/lib/python3.12/site-packages'
[5.777s] Level 1:colcon.colcon_core.environment:checking '/home/vboxuser/arduinobot_ws/install/arduinobot_cpp_examples/bin'
[5.782s] INFO:colcon.colcon_core.shell:Creating package script '/home/vboxuser/arduinobot_ws/install/arduinobot_cpp_examples/share/arduinobot_cpp_examples/package.ps1'
[5.789s] INFO:colcon.colcon_core.shell:Creating package descriptor '/home/vboxuser/arduinobot_ws/install/arduinobot_cpp_examples/share/arduinobot_cpp_examples/package.dsv'
[5.793s] INFO:colcon.colcon_core.shell:Creating package script '/home/vboxuser/arduinobot_ws/install/arduinobot_cpp_examples/share/arduinobot_cpp_examples/package.sh'
[5.796s] INFO:colcon.colcon_core.shell:Creating package script '/home/vboxuser/arduinobot_ws/install/arduinobot_cpp_examples/share/arduinobot_cpp_examples/package.bash'
[5.800s] INFO:colcon.colcon_core.shell:Creating package script '/home/vboxuser/arduinobot_ws/install/arduinobot_cpp_examples/share/arduinobot_cpp_examples/package.zsh'
[5.806s] Level 1:colcon.colcon_core.environment:create_file_with_runtime_dependencies(/home/vboxuser/arduinobot_ws/install/arduinobot_cpp_examples/share/colcon-core/packages/arduinobot_cpp_examples)
[5.813s] INFO:colcon.colcon_ros.task.ament_python.build:Building ROS package in '/home/vboxuser/arduinobot_ws/src/arduinobot_py_examples' with build type 'ament_python'
[5.813s] Level 1:colcon.colcon_core.shell:create_environment_hook('arduinobot_py_examples', 'ament_prefix_path')
[5.814s] INFO:colcon.colcon_core.shell:Creating environment hook '/home/vboxuser/arduinobot_ws/install/arduinobot_py_examples/share/arduinobot_py_examples/hook/ament_prefix_path.ps1'
[5.818s] INFO:colcon.colcon_core.shell:Creating environment descriptor '/home/vboxuser/arduinobot_ws/install/arduinobot_py_examples/share/arduinobot_py_examples/hook/ament_prefix_path.dsv'
[5.822s] INFO:colcon.colcon_core.shell:Creating environment hook '/home/vboxuser/arduinobot_ws/install/arduinobot_py_examples/share/arduinobot_py_examples/hook/ament_prefix_path.sh'
[5.827s] INFO:colcon.colcon_core.shell:Skip shell extension 'powershell' for command environment: Not usable outside of PowerShell
[5.827s] DEBUG:colcon.colcon_core.shell:Skip shell extension 'dsv' for command environment
[5.874s] Level 1:colcon.colcon_core.environment:create_environment_scripts_only(arduinobot_description)
[5.876s] Level 1:colcon.colcon_core.environment:checking '/home/vboxuser/arduinobot_ws/install/arduinobot_description' for CMake module files
[5.875s] DEBUG:colcon.colcon_core.event_handler.log_command:Invoked command in '/home/vboxuser/arduinobot_ws/build/arduinobot_description' returned '0': CMAKE_PREFIX_PATH=${CMAKE_PREFIX_PATH}:/home/vboxuser/arduinobot_ws/install/arduinobot_py_examples:/opt/ros/jazzy DEBUGINFOD_URLS=https://debuginfod.ubuntu.com /usr/bin/cmake --install /home/vboxuser/arduinobot_ws/build/arduinobot_description
[5.888s] Level 1:colcon.colcon_core.environment:checking '/home/vboxuser/arduinobot_ws/install/arduinobot_description' for CMake config files
[5.898s] Level 1:colcon.colcon_core.shell:create_environment_hook('arduinobot_description', 'cmake_prefix_path')
[5.899s] INFO:colcon.colcon_core.shell:Creating environment hook '/home/vboxuser/arduinobot_ws/install/arduinobot_description/share/arduinobot_description/hook/cmake_prefix_path.ps1'
[5.906s] INFO:colcon.colcon_core.shell:Creating environment descriptor '/home/vboxuser/arduinobot_ws/install/arduinobot_description/share/arduinobot_description/hook/cmake_prefix_path.dsv'
[5.910s] INFO:colcon.colcon_core.shell:Creating environment hook '/home/vboxuser/arduinobot_ws/install/arduinobot_description/share/arduinobot_description/hook/cmake_prefix_path.sh'
[5.915s] Level 1:colcon.colcon_core.environment:checking '/home/vboxuser/arduinobot_ws/install/arduinobot_description/bin'
[5.915s] Level 1:colcon.colcon_core.environment:checking '/home/vboxuser/arduinobot_ws/install/arduinobot_description/lib/pkgconfig/arduinobot_description.pc'
[5.917s] Level 1:colcon.colcon_core.environment:checking '/home/vboxuser/arduinobot_ws/install/arduinobot_description/lib/python3.12/site-packages'
[5.920s] Level 1:colcon.colcon_core.environment:checking '/home/vboxuser/arduinobot_ws/install/arduinobot_description/bin'
[5.921s] INFO:colcon.colcon_core.shell:Creating package script '/home/vboxuser/arduinobot_ws/install/arduinobot_description/share/arduinobot_description/package.ps1'
[5.925s] INFO:colcon.colcon_core.shell:Creating package descriptor '/home/vboxuser/arduinobot_ws/install/arduinobot_description/share/arduinobot_description/package.dsv'
[5.928s] INFO:colcon.colcon_core.shell:Creating package script '/home/vboxuser/arduinobot_ws/install/arduinobot_description/share/arduinobot_description/package.sh'
[5.930s] INFO:colcon.colcon_core.shell:Creating package script '/home/vboxuser/arduinobot_ws/install/arduinobot_description/share/arduinobot_description/package.bash'
[5.933s] INFO:colcon.colcon_core.shell:Creating package script '/home/vboxuser/arduinobot_ws/install/arduinobot_description/share/arduinobot_description/package.zsh'
[5.937s] Level 1:colcon.colcon_core.environment:create_file_with_runtime_dependencies(/home/vboxuser/arduinobot_ws/install/arduinobot_description/share/colcon-core/packages/arduinobot_description)
[5.939s] Level 1:colcon.colcon_core.environment:create_environment_scripts_only(arduinobot_description)
[5.942s] Level 1:colcon.colcon_core.environment:checking '/home/vboxuser/arduinobot_ws/install/arduinobot_description' for CMake module files
[5.946s] Level 1:colcon.colcon_core.environment:checking '/home/vboxuser/arduinobot_ws/install/arduinobot_description' for CMake config files
[5.950s] Level 1:colcon.colcon_core.shell:create_environment_hook('arduinobot_description', 'cmake_prefix_path')
[5.953s] INFO:colcon.colcon_core.shell:Creating environment hook '/home/vboxuser/arduinobot_ws/install/arduinobot_description/share/arduinobot_description/hook/cmake_prefix_path.ps1'
[5.957s] INFO:colcon.colcon_core.shell:Creating environment descriptor '/home/vboxuser/arduinobot_ws/install/arduinobot_description/share/arduinobot_description/hook/cmake_prefix_path.dsv'
[5.961s] INFO:colcon.colcon_core.shell:Creating environment hook '/home/vboxuser/arduinobot_ws/install/arduinobot_description/share/arduinobot_description/hook/cmake_prefix_path.sh'
[5.964s] Level 1:colcon.colcon_core.environment:checking '/home/vboxuser/arduinobot_ws/install/arduinobot_description/bin'
[5.965s] Level 1:colcon.colcon_core.environment:checking '/home/vboxuser/arduinobot_ws/install/arduinobot_description/lib/pkgconfig/arduinobot_description.pc'
[5.968s] Level 1:colcon.colcon_core.environment:checking '/home/vboxuser/arduinobot_ws/install/arduinobot_description/lib/python3.12/site-packages'
[5.969s] Level 1:colcon.colcon_core.environment:checking '/home/vboxuser/arduinobot_ws/install/arduinobot_description/bin'
[5.972s] INFO:colcon.colcon_core.shell:Creating package script '/home/vboxuser/arduinobot_ws/install/arduinobot_description/share/arduinobot_description/package.ps1'
[5.981s] INFO:colcon.colcon_core.shell:Creating package descriptor '/home/vboxuser/arduinobot_ws/install/arduinobot_description/share/arduinobot_description/package.dsv'
[5.987s] INFO:colcon.colcon_core.shell:Creating package script '/home/vboxuser/arduinobot_ws/install/arduinobot_description/share/arduinobot_description/package.sh'
[5.992s] INFO:colcon.colcon_core.shell:Creating package script '/home/vboxuser/arduinobot_ws/install/arduinobot_description/share/arduinobot_description/package.bash'
[5.996s] INFO:colcon.colcon_core.shell:Creating package script '/home/vboxuser/arduinobot_ws/install/arduinobot_description/share/arduinobot_description/package.zsh'
[6.000s] Level 1:colcon.colcon_core.environment:create_file_with_runtime_dependencies(/home/vboxuser/arduinobot_ws/install/arduinobot_description/share/colcon-core/packages/arduinobot_description)
[9.096s] INFO:colcon.colcon_core.task.python.build:Building Python package in '/home/vboxuser/arduinobot_ws/src/arduinobot_py_examples'
[9.097s] INFO:colcon.colcon_core.shell:Skip shell extension 'powershell' for command environment: Not usable outside of PowerShell
[9.097s] DEBUG:colcon.colcon_core.shell:Skip shell extension 'dsv' for command environment
[17.662s] DEBUG:colcon.colcon_core.event_handler.log_command:Invoking command in '/home/vboxuser/arduinobot_ws/src/arduinobot_py_examples': DEBUGINFOD_URLS=https://debuginfod.ubuntu.com PYTHONPATH=/home/vboxuser/arduinobot_ws/build/arduinobot_py_examples/prefix_override:/usr/lib/python3/dist-packages/colcon_core/task/python/colcon_distutils_commands:/home/vboxuser/arduinobot_ws/install/arduinobot_py_examples/lib/python3.12/site-packages:${PYTHONPATH} /usr/bin/python3 -W ignore:setup.py install is deprecated -W ignore:easy_install command is deprecated setup.py egg_info --egg-base ../../build/arduinobot_py_examples build --build-base /home/vboxuser/arduinobot_ws/build/arduinobot_py_examples/build install --record /home/vboxuser/arduinobot_ws/build/arduinobot_py_examples/install.log --single-version-externally-managed install_data
[23.290s] Level 1:colcon.colcon_core.environment:checking '/home/vboxuser/arduinobot_ws/install/arduinobot_py_examples' for CMake module files
[23.294s] DEBUG:colcon.colcon_core.event_handler.log_command:Invoked command in '/home/vboxuser/arduinobot_ws/src/arduinobot_py_examples' returned '0': DEBUGINFOD_URLS=https://debuginfod.ubuntu.com PYTHONPATH=/home/vboxuser/arduinobot_ws/build/arduinobot_py_examples/prefix_override:/usr/lib/python3/dist-packages/colcon_core/task/python/colcon_distutils_commands:/home/vboxuser/arduinobot_ws/install/arduinobot_py_examples/lib/python3.12/site-packages:${PYTHONPATH} /usr/bin/python3 -W ignore:setup.py install is deprecated -W ignore:easy_install command is deprecated setup.py egg_info --egg-base ../../build/arduinobot_py_examples build --build-base /home/vboxuser/arduinobot_ws/build/arduinobot_py_examples/build install --record /home/vboxuser/arduinobot_ws/build/arduinobot_py_examples/install.log --single-version-externally-managed install_data
[23.297s] Level 1:colcon.colcon_core.environment:checking '/home/vboxuser/arduinobot_ws/install/arduinobot_py_examples' for CMake config files
[23.303s] Level 1:colcon.colcon_core.environment:checking '/home/vboxuser/arduinobot_ws/install/arduinobot_py_examples/lib'
[23.307s] Level 1:colcon.colcon_core.environment:checking '/home/vboxuser/arduinobot_ws/install/arduinobot_py_examples/bin'
[23.307s] Level 1:colcon.colcon_core.environment:checking '/home/vboxuser/arduinobot_ws/install/arduinobot_py_examples/lib/pkgconfig/arduinobot_py_examples.pc'
[23.309s] Level 1:colcon.colcon_core.environment:checking '/home/vboxuser/arduinobot_ws/install/arduinobot_py_examples/lib/python3.12/site-packages'
[23.309s] Level 1:colcon.colcon_core.shell:create_environment_hook('arduinobot_py_examples', 'pythonpath')
[23.310s] INFO:colcon.colcon_core.shell:Creating environment hook '/home/vboxuser/arduinobot_ws/install/arduinobot_py_examples/share/arduinobot_py_examples/hook/pythonpath.ps1'
[23.312s] INFO:colcon.colcon_core.shell:Creating environment descriptor '/home/vboxuser/arduinobot_ws/install/arduinobot_py_examples/share/arduinobot_py_examples/hook/pythonpath.dsv'
[23.313s] INFO:colcon.colcon_core.shell:Creating environment hook '/home/vboxuser/arduinobot_ws/install/arduinobot_py_examples/share/arduinobot_py_examples/hook/pythonpath.sh'
[23.315s] Level 1:colcon.colcon_core.environment:checking '/home/vboxuser/arduinobot_ws/install/arduinobot_py_examples/bin'
[23.315s] Level 1:colcon.colcon_core.environment:create_environment_scripts_only(arduinobot_py_examples)
[23.317s] INFO:colcon.colcon_core.shell:Creating package script '/home/vboxuser/arduinobot_ws/install/arduinobot_py_examples/share/arduinobot_py_examples/package.ps1'
[23.319s] INFO:colcon.colcon_core.shell:Creating package descriptor '/home/vboxuser/arduinobot_ws/install/arduinobot_py_examples/share/arduinobot_py_examples/package.dsv'
[23.323s] INFO:colcon.colcon_core.shell:Creating package script '/home/vboxuser/arduinobot_ws/install/arduinobot_py_examples/share/arduinobot_py_examples/package.sh'
[23.331s] INFO:colcon.colcon_core.shell:Creating package script '/home/vboxuser/arduinobot_ws/install/arduinobot_py_examples/share/arduinobot_py_examples/package.bash'
[23.335s] INFO:colcon.colcon_core.shell:Creating package script '/home/vboxuser/arduinobot_ws/install/arduinobot_py_examples/share/arduinobot_py_examples/package.zsh'
[23.338s] Level 1:colcon.colcon_core.environment:create_file_with_runtime_dependencies(/home/vboxuser/arduinobot_ws/install/arduinobot_py_examples/share/colcon-core/packages/arduinobot_py_examples)
[23.340s] DEBUG:colcon.colcon_parallel_executor.executor.parallel:closing loop
[23.341s] DEBUG:colcon.colcon_parallel_executor.executor.parallel:loop closed
[23.341s] DEBUG:colcon.colcon_parallel_executor.executor.parallel:run_until_complete finished with '0'
[23.341s] DEBUG:colcon.colcon_core.event_reactor:joining thread
[23.406s] INFO:colcon.colcon_core.plugin_system:Skipping extension 'colcon_notification.desktop_notification.terminal_notifier': Not used on non-Darwin systems
[23.406s] INFO:colcon.colcon_core.plugin_system:Skipping extension 'colcon_notification.desktop_notification.win32': Not used on non-Windows systems
[23.406s] INFO:colcon.colcon_notification.desktop_notification:Sending desktop notification using 'notify2'
[23.522s] DEBUG:colcon.colcon_core.event_reactor:joined thread
[23.523s] INFO:colcon.colcon_core.shell:Creating prefix script '/home/vboxuser/arduinobot_ws/install/local_setup.ps1'
[23.527s] INFO:colcon.colcon_core.shell:Creating prefix util module '/home/vboxuser/arduinobot_ws/install/_local_setup_util_ps1.py'
[23.536s] INFO:colcon.colcon_core.shell:Creating prefix chain script '/home/vboxuser/arduinobot_ws/install/setup.ps1'
[23.541s] INFO:colcon.colcon_core.shell:Creating prefix script '/home/vboxuser/arduinobot_ws/install/local_setup.sh'
[23.543s] INFO:colcon.colcon_core.shell:Creating prefix util module '/home/vboxuser/arduinobot_ws/install/_local_setup_util_sh.py'
[23.549s] INFO:colcon.colcon_core.shell:Creating prefix chain script '/home/vboxuser/arduinobot_ws/install/setup.sh'
[23.555s] INFO:colcon.colcon_core.shell:Creating prefix script '/home/vboxuser/arduinobot_ws/install/local_setup.bash'
[23.557s] INFO:colcon.colcon_core.shell:Creating prefix chain script '/home/vboxuser/arduinobot_ws/install/setup.bash'
[23.571s] INFO:colcon.colcon_core.shell:Creating prefix script '/home/vboxuser/arduinobot_ws/install/local_setup.zsh'
[23.585s] INFO:colcon.colcon_core.shell:Creating prefix chain script '/home/vboxuser/arduinobot_ws/install/setup.zsh'
