[0.200s] Invoking command in '/home/vboxuser/arduinobot_ws/build/arduinobot_description': CMAKE_PREFIX_PATH=${CMAKE_PREFIX_PATH}:/home/vboxuser/arduinobot_ws/install/arduinobot_py_examples:/opt/ros/jazzy DEBUGINFOD_URLS=https://debuginfod.ubuntu.com /usr/bin/cmake --build /home/vboxuser/arduinobot_ws/build/arduinobot_description -- -j2 -l2
[0.912s] Invoked command in '/home/vboxuser/arduinobot_ws/build/arduinobot_description' returned '0': CMAKE_PREFIX_PATH=${CMAKE_PREFIX_PATH}:/home/vboxuser/arduinobot_ws/install/arduinobot_py_examples:/opt/ros/jazzy DEBUGINFOD_URLS=https://debuginfod.ubuntu.com /usr/bin/cmake --build /home/vboxuser/arduinobot_ws/build/arduinobot_description -- -j2 -l2
[0.924s] Invoking command in '/home/vboxuser/arduinobot_ws/build/arduinobot_description': CMAKE_PREFIX_PATH=${CMAKE_PREFIX_PATH}:/home/vboxuser/arduinobot_ws/install/arduinobot_py_examples:/opt/ros/jazzy DEBUGINFOD_URLS=https://debuginfod.ubuntu.com /usr/bin/cmake --install /home/vboxuser/arduinobot_ws/build/arduinobot_description
[1.048s] -- Install configuration: ""
[1.048s] -- Up-to-date: /home/vboxuser/arduinobot_ws/install/arduinobot_description/share/arduinobot_description/meshes
[1.049s] -- Up-to-date: /home/vboxuser/arduinobot_ws/install/arduinobot_description/share/arduinobot_description/meshes/forward_drive_arm.STL
[1.055s] -- Up-to-date: /home/vboxuser/arduinobot_ws/install/arduinobot_description/share/arduinobot_description/meshes/servo_plate.STL
[1.063s] -- Up-to-date: /home/vboxuser/arduinobot_ws/install/arduinobot_description/share/arduinobot_description/meshes/right_finger.STL
[1.063s] -- Up-to-date: /home/vboxuser/arduinobot_ws/install/arduinobot_description/share/arduinobot_description/meshes/left_finger.STL
[1.064s] -- Up-to-date: /home/vboxuser/arduinobot_ws/install/arduinobot_description/share/arduinobot_description/meshes/link.STL
[1.080s] -- Up-to-date: /home/vboxuser/arduinobot_ws/install/arduinobot_description/share/arduinobot_description/meshes/claw_support.STL
[1.080s] -- Up-to-date: /home/vboxuser/arduinobot_ws/install/arduinobot_description/share/arduinobot_description/meshes/basement.STL
[1.081s] -- Up-to-date: /home/vboxuser/arduinobot_ws/install/arduinobot_description/share/arduinobot_description/meshes/triangular_link.STL
[1.081s] -- Up-to-date: /home/vboxuser/arduinobot_ws/install/arduinobot_description/share/arduinobot_description/meshes/round_plate.STL
[1.081s] -- Up-to-date: /home/vboxuser/arduinobot_ws/install/arduinobot_description/share/arduinobot_description/meshes/plate.STL
[1.086s] -- Up-to-date: /home/vboxuser/arduinobot_ws/install/arduinobot_description/share/arduinobot_description/meshes/base_plate.STL
[1.086s] -- Up-to-date: /home/vboxuser/arduinobot_ws/install/arduinobot_description/share/arduinobot_description/meshes/horizontal_arm.STL
[1.087s] -- Up-to-date: /home/vboxuser/arduinobot_ws/install/arduinobot_description/share/arduinobot_description/meshes/vertical_drive_arm.STL
[1.087s] -- Up-to-date: /home/vboxuser/arduinobot_ws/install/arduinobot_description/share/arduinobot_description/urdf
[1.087s] -- Up-to-date: /home/vboxuser/arduinobot_ws/install/arduinobot_description/share/arduinobot_description/urdf/arduinobot.urdf.xacro
[1.098s] -- Up-to-date: /home/vboxuser/arduinobot_ws/install/arduinobot_description/share/ament_index/resource_index/package_run_dependencies/arduinobot_description
[1.099s] -- Up-to-date: /home/vboxuser/arduinobot_ws/install/arduinobot_description/share/ament_index/resource_index/parent_prefix_path/arduinobot_description
[1.099s] -- Up-to-date: /home/vboxuser/arduinobot_ws/install/arduinobot_description/share/arduinobot_description/environment/ament_prefix_path.sh
[1.106s] -- Up-to-date: /home/vboxuser/arduinobot_ws/install/arduinobot_description/share/arduinobot_description/environment/ament_prefix_path.dsv
[1.122s] -- Up-to-date: /home/vboxuser/arduinobot_ws/install/arduinobot_description/share/arduinobot_description/environment/path.sh
[1.122s] -- Up-to-date: /home/vboxuser/arduinobot_ws/install/arduinobot_description/share/arduinobot_description/environment/path.dsv
[1.123s] -- Up-to-date: /home/vboxuser/arduinobot_ws/install/arduinobot_description/share/arduinobot_description/local_setup.bash
[1.123s] -- Up-to-date: /home/vboxuser/arduinobot_ws/install/arduinobot_description/share/arduinobot_description/local_setup.sh
[1.123s] -- Up-to-date: /home/vboxuser/arduinobot_ws/install/arduinobot_description/share/arduinobot_description/local_setup.zsh
[1.123s] -- Up-to-date: /home/vboxuser/arduinobot_ws/install/arduinobot_description/share/arduinobot_description/local_setup.dsv
[1.131s] -- Installing: /home/vboxuser/arduinobot_ws/install/arduinobot_description/share/arduinobot_description/package.dsv
[1.134s] -- Up-to-date: /home/vboxuser/arduinobot_ws/install/arduinobot_description/share/ament_index/resource_index/packages/arduinobot_description
[1.138s] -- Up-to-date: /home/vboxuser/arduinobot_ws/install/arduinobot_description/share/arduinobot_description/cmake/arduinobot_descriptionConfig.cmake
[1.139s] -- Up-to-date: /home/vboxuser/arduinobot_ws/install/arduinobot_description/share/arduinobot_description/cmake/arduinobot_descriptionConfig-version.cmake
[1.139s] -- Up-to-date: /home/vboxuser/arduinobot_ws/install/arduinobot_description/share/arduinobot_description/package.xml
[1.476s] Invoked command in '/home/vboxuser/arduinobot_ws/build/arduinobot_description' returned '0': CMAKE_PREFIX_PATH=${CMAKE_PREFIX_PATH}:/home/vboxuser/arduinobot_ws/install/arduinobot_py_examples:/opt/ros/jazzy DEBUGINFOD_URLS=https://debuginfod.ubuntu.com /usr/bin/cmake --install /home/vboxuser/arduinobot_ws/build/arduinobot_description
