[1.652s] DEBUG:colcon:Command line arguments: ['/usr/bin/colcon', 'list', '-p', '--base-paths', '/home/vboxuser/arduinobot_ws', '--log-base', '/dev/null']
[1.652s] DEBUG:colcon:Parsed command line arguments: Namespace(log_base=None, log_level=None, verb_name='list', build_base='build', ignore_user_meta=False, metas=['./colcon.meta'], base_paths=['/home/vboxuser/arduinobot_ws', '--log-base', '/dev/null'], packages_ignore=None, packages_ignore_regex=None, paths=None, packages_up_to=None, packages_up_to_regex=None, packages_above=None, packages_above_and_dependencies=None, packages_above_depth=None, packages_select_by_dep=None, packages_skip_by_dep=None, packages_skip_up_to=None, packages_select_build_failed=False, packages_skip_build_finished=False, packages_select_test_failures=False, packages_skip_test_passed=False, packages_select=None, packages_skip=None, packages_select_regex=None, packages_skip_regex=None, packages_start=None, packages_end=None, allow_overriding=[], topological_order=False, names_only=False, paths_only=True, topological_graph=False, topological_graph_dot=False, topological_graph_density=False, topological_graph_legend=False, topological_graph_dot_cluster=False, topological_graph_dot_include_skipped=False, mixin_files=None, mixin=None, verb_parser=<colcon_mixin.mixin.mixin_argument.MixinArgumentDecorator object at 0x7f986b3893d0>, verb_extension=<colcon_package_information.verb.list.ListVerb object at 0x7f986b35ef90>, main=<bound method ListVerb.main of <colcon_package_information.verb.list.ListVerb object at 0x7f986b35ef90>>, mixin_verb=('list',))
[1.995s] Level 1:colcon.colcon_core.package_discovery:discover_packages(colcon_meta) check parameters
[1.997s] Level 1:colcon.colcon_core.package_discovery:discover_packages(recursive) check parameters
[1.998s] Level 1:colcon.colcon_core.package_discovery:discover_packages(ignore) check parameters
[1.998s] Level 1:colcon.colcon_core.package_discovery:discover_packages(path) check parameters
[1.998s] Level 1:colcon.colcon_core.package_discovery:discover_packages(recursive) discover
[1.998s] INFO:colcon.colcon_core.package_discovery:Crawling recursively for packages in '/home/vboxuser/arduinobot_ws', '/home/vboxuser/arduinobot_ws/--log-base', '/dev/null'
[2.000s] Level 1:colcon.colcon_core.package_identification:_identify(/home/vboxuser/arduinobot_ws) by extensions ['ignore', 'ignore_ament_install']
[2.000s] Level 1:colcon.colcon_core.package_identification:_identify(/home/vboxuser/arduinobot_ws) by extension 'ignore'
[2.000s] Level 1:colcon.colcon_core.package_identification:_identify(/home/vboxuser/arduinobot_ws) by extension 'ignore_ament_install'
[2.001s] Level 1:colcon.colcon_core.package_identification:_identify(/home/vboxuser/arduinobot_ws) by extensions ['colcon_pkg']
[2.001s] Level 1:colcon.colcon_core.package_identification:_identify(/home/vboxuser/arduinobot_ws) by extension 'colcon_pkg'
[2.001s] Level 1:colcon.colcon_core.package_identification:_identify(/home/vboxuser/arduinobot_ws) by extensions ['colcon_meta']
[2.001s] Level 1:colcon.colcon_core.package_identification:_identify(/home/vboxuser/arduinobot_ws) by extension 'colcon_meta'
[2.001s] Level 1:colcon.colcon_core.package_identification:_identify(/home/vboxuser/arduinobot_ws) by extensions ['ros']
[2.001s] Level 1:colcon.colcon_core.package_identification:_identify(/home/vboxuser/arduinobot_ws) by extension 'ros'
[2.158s] Level 1:colcon.colcon_core.package_identification:_identify(/home/vboxuser/arduinobot_ws) by extensions ['cmake', 'python']
[2.159s] Level 1:colcon.colcon_core.package_identification:_identify(/home/vboxuser/arduinobot_ws) by extension 'cmake'
[2.159s] Level 1:colcon.colcon_core.package_identification:_identify(/home/vboxuser/arduinobot_ws) by extension 'python'
[2.160s] Level 1:colcon.colcon_core.package_identification:_identify(/home/vboxuser/arduinobot_ws) by extensions ['python_setup_py']
[2.160s] Level 1:colcon.colcon_core.package_identification:_identify(/home/vboxuser/arduinobot_ws) by extension 'python_setup_py'
[2.160s] Level 1:colcon.colcon_core.package_identification:_identify(/home/vboxuser/arduinobot_ws/build) by extensions ['ignore', 'ignore_ament_install']
[2.160s] Level 1:colcon.colcon_core.package_identification:_identify(/home/vboxuser/arduinobot_ws/build) by extension 'ignore'
[2.161s] Level 1:colcon.colcon_core.package_identification:_identify(/home/vboxuser/arduinobot_ws/build) ignored
[2.161s] Level 1:colcon.colcon_core.package_identification:_identify(/home/vboxuser/arduinobot_ws/install) by extensions ['ignore', 'ignore_ament_install']
[2.162s] Level 1:colcon.colcon_core.package_identification:_identify(/home/vboxuser/arduinobot_ws/install) by extension 'ignore'
[2.167s] Level 1:colcon.colcon_core.package_identification:_identify(/home/vboxuser/arduinobot_ws/install) ignored
[2.172s] Level 1:colcon.colcon_core.package_identification:_identify(/home/vboxuser/arduinobot_ws/log) by extensions ['ignore', 'ignore_ament_install']
[2.172s] Level 1:colcon.colcon_core.package_identification:_identify(/home/vboxuser/arduinobot_ws/log) by extension 'ignore'
[2.173s] Level 1:colcon.colcon_core.package_identification:_identify(/home/vboxuser/arduinobot_ws/log) ignored
[2.176s] Level 1:colcon.colcon_core.package_identification:_identify(/home/vboxuser/arduinobot_ws/src) by extensions ['ignore', 'ignore_ament_install']
[2.177s] Level 1:colcon.colcon_core.package_identification:_identify(/home/vboxuser/arduinobot_ws/src) by extension 'ignore'
[2.178s] Level 1:colcon.colcon_core.package_identification:_identify(/home/vboxuser/arduinobot_ws/src) by extension 'ignore_ament_install'
[2.178s] Level 1:colcon.colcon_core.package_identification:_identify(/home/vboxuser/arduinobot_ws/src) by extensions ['colcon_pkg']
[2.178s] Level 1:colcon.colcon_core.package_identification:_identify(/home/vboxuser/arduinobot_ws/src) by extension 'colcon_pkg'
[2.178s] Level 1:colcon.colcon_core.package_identification:_identify(/home/vboxuser/arduinobot_ws/src) by extensions ['colcon_meta']
[2.178s] Level 1:colcon.colcon_core.package_identification:_identify(/home/vboxuser/arduinobot_ws/src) by extension 'colcon_meta'
[2.179s] Level 1:colcon.colcon_core.package_identification:_identify(/home/vboxuser/arduinobot_ws/src) by extensions ['ros']
[2.179s] Level 1:colcon.colcon_core.package_identification:_identify(/home/vboxuser/arduinobot_ws/src) by extension 'ros'
[2.180s] Level 1:colcon.colcon_core.package_identification:_identify(/home/vboxuser/arduinobot_ws/src) by extensions ['cmake', 'python']
[2.181s] Level 1:colcon.colcon_core.package_identification:_identify(/home/vboxuser/arduinobot_ws/src) by extension 'cmake'
[2.181s] Level 1:colcon.colcon_core.package_identification:_identify(/home/vboxuser/arduinobot_ws/src) by extension 'python'
[2.181s] Level 1:colcon.colcon_core.package_identification:_identify(/home/vboxuser/arduinobot_ws/src) by extensions ['python_setup_py']
[2.181s] Level 1:colcon.colcon_core.package_identification:_identify(/home/vboxuser/arduinobot_ws/src) by extension 'python_setup_py'
[2.182s] Level 1:colcon.colcon_core.package_identification:_identify(/home/vboxuser/arduinobot_ws/src/arduinobot_cpp_examples) by extensions ['ignore', 'ignore_ament_install']
[2.183s] Level 1:colcon.colcon_core.package_identification:_identify(/home/vboxuser/arduinobot_ws/src/arduinobot_cpp_examples) by extension 'ignore'
[2.183s] Level 1:colcon.colcon_core.package_identification:_identify(/home/vboxuser/arduinobot_ws/src/arduinobot_cpp_examples) by extension 'ignore_ament_install'
[2.198s] Level 1:colcon.colcon_core.package_identification:_identify(/home/vboxuser/arduinobot_ws/src/arduinobot_cpp_examples) by extensions ['colcon_pkg']
[2.198s] Level 1:colcon.colcon_core.package_identification:_identify(/home/vboxuser/arduinobot_ws/src/arduinobot_cpp_examples) by extension 'colcon_pkg'
[2.199s] Level 1:colcon.colcon_core.package_identification:_identify(/home/vboxuser/arduinobot_ws/src/arduinobot_cpp_examples) by extensions ['colcon_meta']
[2.200s] Level 1:colcon.colcon_core.package_identification:_identify(/home/vboxuser/arduinobot_ws/src/arduinobot_cpp_examples) by extension 'colcon_meta'
[2.200s] Level 1:colcon.colcon_core.package_identification:_identify(/home/vboxuser/arduinobot_ws/src/arduinobot_cpp_examples) by extensions ['ros']
[2.200s] Level 1:colcon.colcon_core.package_identification:_identify(/home/vboxuser/arduinobot_ws/src/arduinobot_cpp_examples) by extension 'ros'
[2.225s] DEBUG:colcon.colcon_core.package_identification:Package '/home/vboxuser/arduinobot_ws/src/arduinobot_cpp_examples' with type 'ros.ament_cmake' and name 'arduinobot_cpp_examples'
[2.227s] Level 1:colcon.colcon_core.package_identification:_identify(/home/vboxuser/arduinobot_ws/src/arduinobot_description) by extensions ['ignore', 'ignore_ament_install']
[2.228s] Level 1:colcon.colcon_core.package_identification:_identify(/home/vboxuser/arduinobot_ws/src/arduinobot_description) by extension 'ignore'
[2.228s] Level 1:colcon.colcon_core.package_identification:_identify(/home/vboxuser/arduinobot_ws/src/arduinobot_description) by extension 'ignore_ament_install'
[2.228s] Level 1:colcon.colcon_core.package_identification:_identify(/home/vboxuser/arduinobot_ws/src/arduinobot_description) by extensions ['colcon_pkg']
[2.228s] Level 1:colcon.colcon_core.package_identification:_identify(/home/vboxuser/arduinobot_ws/src/arduinobot_description) by extension 'colcon_pkg'
[2.228s] Level 1:colcon.colcon_core.package_identification:_identify(/home/vboxuser/arduinobot_ws/src/arduinobot_description) by extensions ['colcon_meta']
[2.228s] Level 1:colcon.colcon_core.package_identification:_identify(/home/vboxuser/arduinobot_ws/src/arduinobot_description) by extension 'colcon_meta'
[2.229s] Level 1:colcon.colcon_core.package_identification:_identify(/home/vboxuser/arduinobot_ws/src/arduinobot_description) by extensions ['ros']
[2.230s] Level 1:colcon.colcon_core.package_identification:_identify(/home/vboxuser/arduinobot_ws/src/arduinobot_description) by extension 'ros'
[2.235s] DEBUG:colcon.colcon_core.package_identification:Package '/home/vboxuser/arduinobot_ws/src/arduinobot_description' with type 'ros.ament_cmake' and name 'arduinobot_description'
[2.236s] Level 1:colcon.colcon_core.package_identification:_identify(/home/vboxuser/arduinobot_ws/src/arduinobot_py_examples) by extensions ['ignore', 'ignore_ament_install']
[2.238s] Level 1:colcon.colcon_core.package_identification:_identify(/home/vboxuser/arduinobot_ws/src/arduinobot_py_examples) by extension 'ignore'
[2.238s] Level 1:colcon.colcon_core.package_identification:_identify(/home/vboxuser/arduinobot_ws/src/arduinobot_py_examples) by extension 'ignore_ament_install'
[2.238s] Level 1:colcon.colcon_core.package_identification:_identify(/home/vboxuser/arduinobot_ws/src/arduinobot_py_examples) by extensions ['colcon_pkg']
[2.239s] Level 1:colcon.colcon_core.package_identification:_identify(/home/vboxuser/arduinobot_ws/src/arduinobot_py_examples) by extension 'colcon_pkg'
[2.240s] Level 1:colcon.colcon_core.package_identification:_identify(/home/vboxuser/arduinobot_ws/src/arduinobot_py_examples) by extensions ['colcon_meta']
[2.240s] Level 1:colcon.colcon_core.package_identification:_identify(/home/vboxuser/arduinobot_ws/src/arduinobot_py_examples) by extension 'colcon_meta'
[2.240s] Level 1:colcon.colcon_core.package_identification:_identify(/home/vboxuser/arduinobot_ws/src/arduinobot_py_examples) by extensions ['ros']
[2.241s] Level 1:colcon.colcon_core.package_identification:_identify(/home/vboxuser/arduinobot_ws/src/arduinobot_py_examples) by extension 'ros'
[2.244s] DEBUG:colcon.colcon_core.package_identification:Package '/home/vboxuser/arduinobot_ws/src/arduinobot_py_examples' with type 'ros.ament_python' and name 'arduinobot_py_examples'
[2.245s] Level 1:colcon.colcon_core.package_discovery:discover_packages(recursive) using defaults
