[0.032s] Invoking command in '/home/vboxuser/arduinobot_ws/build/arduinobot_description': DEBUGINFOD_URLS=https://debuginfod.ubuntu.com /usr/bin/cmake --build /home/vboxuser/arduinobot_ws/build/arduinobot_description -- -j2 -l2
[0.412s] Invoked command in '/home/vboxuser/arduinobot_ws/build/arduinobot_description' returned '0': DEBUGINFOD_URLS=https://debuginfod.ubuntu.com /usr/bin/cmake --build /home/vboxuser/arduinobot_ws/build/arduinobot_description -- -j2 -l2
[0.487s] Invoking command in '/home/vboxuser/arduinobot_ws/build/arduinobot_description': DEBUGINFOD_URLS=https://debuginfod.ubuntu.com /usr/bin/cmake --install /home/vboxuser/arduinobot_ws/build/arduinobot_description
[0.559s] -- Install configuration: ""
[0.569s] -- Up-to-date: /home/vboxuser/arduinobot_ws/install/arduinobot_description/share/arduinobot_description/meshes
[0.570s] -- Up-to-date: /home/vboxuser/arduinobot_ws/install/arduinobot_description/share/arduinobot_description/meshes/forward_drive_arm.STL
[0.576s] -- Up-to-date: /home/vboxuser/arduinobot_ws/install/arduinobot_description/share/arduinobot_description/meshes/servo_plate.STL
[0.577s] -- Up-to-date: /home/vboxuser/arduinobot_ws/install/arduinobot_description/share/arduinobot_description/meshes/right_finger.STL
[0.579s] -- Up-to-date: /home/vboxuser/arduinobot_ws/install/arduinobot_description/share/arduinobot_description/meshes/left_finger.STL
[0.581s] -- Up-to-date: /home/vboxuser/arduinobot_ws/install/arduinobot_description/share/arduinobot_description/meshes/link.STL
[0.582s] -- Up-to-date: /home/vboxuser/arduinobot_ws/install/arduinobot_description/share/arduinobot_description/meshes/claw_support.STL
[0.582s] -- Up-to-date: /home/vboxuser/arduinobot_ws/install/arduinobot_description/share/arduinobot_description/meshes/basement.STL
[0.594s] -- Up-to-date: /home/vboxuser/arduinobot_ws/install/arduinobot_description/share/arduinobot_description/meshes/triangular_link.STL
[0.595s] -- Up-to-date: /home/vboxuser/arduinobot_ws/install/arduinobot_description/share/arduinobot_description/meshes/round_plate.STL
[0.595s] -- Up-to-date: /home/vboxuser/arduinobot_ws/install/arduinobot_description/share/arduinobot_description/meshes/plate.STL
[0.595s] -- Up-to-date: /home/vboxuser/arduinobot_ws/install/arduinobot_description/share/arduinobot_description/meshes/base_plate.STL
[0.595s] -- Up-to-date: /home/vboxuser/arduinobot_ws/install/arduinobot_description/share/arduinobot_description/meshes/horizontal_arm.STL
[0.596s] -- Up-to-date: /home/vboxuser/arduinobot_ws/install/arduinobot_description/share/arduinobot_description/meshes/vertical_drive_arm.STL
[0.601s] -- Up-to-date: /home/vboxuser/arduinobot_ws/install/arduinobot_description/share/arduinobot_description/urdf
[0.602s] -- Installing: /home/vboxuser/arduinobot_ws/install/arduinobot_description/share/arduinobot_description/urdf/arduinobot.urdf.xacro
[0.605s] -- Up-to-date: /home/vboxuser/arduinobot_ws/install/arduinobot_description/share/ament_index/resource_index/package_run_dependencies/arduinobot_description
[0.609s] -- Up-to-date: /home/vboxuser/arduinobot_ws/install/arduinobot_description/share/ament_index/resource_index/parent_prefix_path/arduinobot_description
[0.610s] -- Up-to-date: /home/vboxuser/arduinobot_ws/install/arduinobot_description/share/arduinobot_description/environment/ament_prefix_path.sh
[0.615s] -- Up-to-date: /home/vboxuser/arduinobot_ws/install/arduinobot_description/share/arduinobot_description/environment/ament_prefix_path.dsv
[0.615s] -- Up-to-date: /home/vboxuser/arduinobot_ws/install/arduinobot_description/share/arduinobot_description/environment/path.sh
[0.616s] -- Up-to-date: /home/vboxuser/arduinobot_ws/install/arduinobot_description/share/arduinobot_description/environment/path.dsv
[0.616s] -- Up-to-date: /home/vboxuser/arduinobot_ws/install/arduinobot_description/share/arduinobot_description/local_setup.bash
[0.616s] -- Up-to-date: /home/vboxuser/arduinobot_ws/install/arduinobot_description/share/arduinobot_description/local_setup.sh
[0.617s] -- Up-to-date: /home/vboxuser/arduinobot_ws/install/arduinobot_description/share/arduinobot_description/local_setup.zsh
[0.619s] -- Up-to-date: /home/vboxuser/arduinobot_ws/install/arduinobot_description/share/arduinobot_description/local_setup.dsv
[0.619s] -- Installing: /home/vboxuser/arduinobot_ws/install/arduinobot_description/share/arduinobot_description/package.dsv
[0.620s] -- Up-to-date: /home/vboxuser/arduinobot_ws/install/arduinobot_description/share/ament_index/resource_index/packages/arduinobot_description
[0.621s] -- Up-to-date: /home/vboxuser/arduinobot_ws/install/arduinobot_description/share/arduinobot_description/cmake/arduinobot_descriptionConfig.cmake
[0.622s] -- Up-to-date: /home/vboxuser/arduinobot_ws/install/arduinobot_description/share/arduinobot_description/cmake/arduinobot_descriptionConfig-version.cmake
[0.622s] -- Up-to-date: /home/vboxuser/arduinobot_ws/install/arduinobot_description/share/arduinobot_description/package.xml
[0.623s] Invoked command in '/home/vboxuser/arduinobot_ws/build/arduinobot_description' returned '0': DEBUGINFOD_URLS=https://debuginfod.ubuntu.com /usr/bin/cmake --install /home/vboxuser/arduinobot_ws/build/arduinobot_description
