[0.064s] Invoking command in '/home/vboxuser/arduinobot_ws/build/arduinobot_description': CMAKE_PREFIX_PATH=${CMAKE_PREFIX_PATH}:/home/vboxuser/arduinobot_ws/install/arduinobot_py_examples:/opt/ros/jazzy DEBUGINFOD_URLS=https://debuginfod.ubuntu.com /usr/bin/cmake --build /home/vboxuser/arduinobot_ws/build/arduinobot_description -- -j2 -l2
[0.444s] Invoked command in '/home/vboxuser/arduinobot_ws/build/arduinobot_description' returned '0': CMAKE_PREFIX_PATH=${CMAKE_PREFIX_PATH}:/home/vboxuser/arduinobot_ws/install/arduinobot_py_examples:/opt/ros/jazzy DEBUGINFOD_URLS=https://debuginfod.ubuntu.com /usr/bin/cmake --build /home/vboxuser/arduinobot_ws/build/arduinobot_description -- -j2 -l2
[0.492s] Invoking command in '/home/vboxuser/arduinobot_ws/build/arduinobot_description': CMAKE_PREFIX_PATH=${CMAKE_PREFIX_PATH}:/home/vboxuser/arduinobot_ws/install/arduinobot_py_examples:/opt/ros/jazzy DEBUGINFOD_URLS=https://debuginfod.ubuntu.com /usr/bin/cmake --install /home/vboxuser/arduinobot_ws/build/arduinobot_description
[0.549s] -- Install configuration: ""
[0.553s] -- Up-to-date: /home/vboxuser/arduinobot_ws/install/arduinobot_description/share/arduinobot_description/meshes
[0.554s] -- Up-to-date: /home/vboxuser/arduinobot_ws/install/arduinobot_description/share/arduinobot_description/meshes/forward_drive_arm.STL
[0.555s] -- Up-to-date: /home/vboxuser/arduinobot_ws/install/arduinobot_description/share/arduinobot_description/meshes/servo_plate.STL
[0.555s] -- Up-to-date: /home/vboxuser/arduinobot_ws/install/arduinobot_description/share/arduinobot_description/meshes/right_finger.STL
[0.555s] -- Up-to-date: /home/vboxuser/arduinobot_ws/install/arduinobot_description/share/arduinobot_description/meshes/left_finger.STL
[0.559s] -- Up-to-date: /home/vboxuser/arduinobot_ws/install/arduinobot_description/share/arduinobot_description/meshes/link.STL
[0.560s] -- Up-to-date: /home/vboxuser/arduinobot_ws/install/arduinobot_description/share/arduinobot_description/meshes/claw_support.STL
[0.560s] -- Up-to-date: /home/vboxuser/arduinobot_ws/install/arduinobot_description/share/arduinobot_description/meshes/basement.STL
[0.563s] -- Up-to-date: /home/vboxuser/arduinobot_ws/install/arduinobot_description/share/arduinobot_description/meshes/triangular_link.STL
[0.563s] -- Up-to-date: /home/vboxuser/arduinobot_ws/install/arduinobot_description/share/arduinobot_description/meshes/round_plate.STL
[0.563s] -- Up-to-date: /home/vboxuser/arduinobot_ws/install/arduinobot_description/share/arduinobot_description/meshes/plate.STL
[0.564s] -- Up-to-date: /home/vboxuser/arduinobot_ws/install/arduinobot_description/share/arduinobot_description/meshes/base_plate.STL
[0.565s] -- Up-to-date: /home/vboxuser/arduinobot_ws/install/arduinobot_description/share/arduinobot_description/meshes/horizontal_arm.STL
[0.568s] -- Up-to-date: /home/vboxuser/arduinobot_ws/install/arduinobot_description/share/arduinobot_description/meshes/vertical_drive_arm.STL
[0.576s] -- Up-to-date: /home/vboxuser/arduinobot_ws/install/arduinobot_description/share/arduinobot_description/urdf
[0.577s] -- Up-to-date: /home/vboxuser/arduinobot_ws/install/arduinobot_description/share/arduinobot_description/urdf/arduinobot.urdf.xacro
[0.577s] -- Up-to-date: /home/vboxuser/arduinobot_ws/install/arduinobot_description/share/ament_index/resource_index/package_run_dependencies/arduinobot_description
[0.580s] -- Up-to-date: /home/vboxuser/arduinobot_ws/install/arduinobot_description/share/ament_index/resource_index/parent_prefix_path/arduinobot_description
[0.581s] -- Up-to-date: /home/vboxuser/arduinobot_ws/install/arduinobot_description/share/arduinobot_description/environment/ament_prefix_path.sh
[0.582s] -- Up-to-date: /home/vboxuser/arduinobot_ws/install/arduinobot_description/share/arduinobot_description/environment/ament_prefix_path.dsv
[0.582s] -- Up-to-date: /home/vboxuser/arduinobot_ws/install/arduinobot_description/share/arduinobot_description/environment/path.sh
[0.582s] -- Up-to-date: /home/vboxuser/arduinobot_ws/install/arduinobot_description/share/arduinobot_description/environment/path.dsv
[0.583s] -- Up-to-date: /home/vboxuser/arduinobot_ws/install/arduinobot_description/share/arduinobot_description/local_setup.bash
[0.584s] -- Up-to-date: /home/vboxuser/arduinobot_ws/install/arduinobot_description/share/arduinobot_description/local_setup.sh
[0.585s] -- Up-to-date: /home/vboxuser/arduinobot_ws/install/arduinobot_description/share/arduinobot_description/local_setup.zsh
[0.586s] -- Up-to-date: /home/vboxuser/arduinobot_ws/install/arduinobot_description/share/arduinobot_description/local_setup.dsv
[0.587s] -- Installing: /home/vboxuser/arduinobot_ws/install/arduinobot_description/share/arduinobot_description/package.dsv
[0.588s] -- Up-to-date: /home/vboxuser/arduinobot_ws/install/arduinobot_description/share/ament_index/resource_index/packages/arduinobot_description
[0.588s] -- Up-to-date: /home/vboxuser/arduinobot_ws/install/arduinobot_description/share/arduinobot_description/cmake/arduinobot_descriptionConfig.cmake
[0.589s] -- Up-to-date: /home/vboxuser/arduinobot_ws/install/arduinobot_description/share/arduinobot_description/cmake/arduinobot_descriptionConfig-version.cmake
[0.592s] -- Up-to-date: /home/vboxuser/arduinobot_ws/install/arduinobot_description/share/arduinobot_description/package.xml
[0.737s] Invoked command in '/home/vboxuser/arduinobot_ws/build/arduinobot_description' returned '0': CMAKE_PREFIX_PATH=${CMAKE_PREFIX_PATH}:/home/vboxuser/arduinobot_ws/install/arduinobot_py_examples:/opt/ros/jazzy DEBUGINFOD_URLS=https://debuginfod.ubuntu.com /usr/bin/cmake --install /home/vboxuser/arduinobot_ws/build/arduinobot_description
