[0.091s] Invoking command in '/home/vboxuser/arduinobot_ws/build/arduinobot_description': CMAKE_PREFIX_PATH=${CMAKE_PREFIX_PATH}:/home/vboxuser/arduinobot_ws/install/arduinobot_py_examples:/opt/ros/jazzy DEBUGINFOD_URLS=https://debuginfod.ubuntu.com /usr/bin/cmake --build /home/vboxuser/arduinobot_ws/build/arduinobot_description -- -j2 -l2
[0.480s] -- Found ament_cmake: 2.5.4 (/opt/ros/jazzy/share/ament_cmake/cmake)
[2.422s] -- Found ament_lint_auto: 0.17.2 (/opt/ros/jazzy/share/ament_lint_auto/cmake)
[3.050s] -- Added test 'lint_cmake' to check CMake code style
[3.066s] -- Added test 'xmllint' to check XML markup files
[3.077s] -- Configuring done (2.7s)
[3.132s] -- Generating done (0.0s)
[3.164s] -- Build files have been written to: /home/vboxuser/arduinobot_ws/build/arduinobot_description
[3.402s] Invoked command in '/home/vboxuser/arduinobot_ws/build/arduinobot_description' returned '0': CMAKE_PREFIX_PATH=${CMAKE_PREFIX_PATH}:/home/vboxuser/arduinobot_ws/install/arduinobot_py_examples:/opt/ros/jazzy DEBUGINFOD_URLS=https://debuginfod.ubuntu.com /usr/bin/cmake --build /home/vboxuser/arduinobot_ws/build/arduinobot_description -- -j2 -l2
[3.411s] Invoking command in '/home/vboxuser/arduinobot_ws/build/arduinobot_description': CMAKE_PREFIX_PATH=${CMAKE_PREFIX_PATH}:/home/vboxuser/arduinobot_ws/install/arduinobot_py_examples:/opt/ros/jazzy DEBUGINFOD_URLS=https://debuginfod.ubuntu.com /usr/bin/cmake --install /home/vboxuser/arduinobot_ws/build/arduinobot_description
[3.513s] -- Install configuration: ""
[3.518s] -- Installing: /home/vboxuser/arduinobot_ws/install/arduinobot_description/share/arduinobot_description/meshes
[3.518s] -- Installing: /home/vboxuser/arduinobot_ws/install/arduinobot_description/share/arduinobot_description/meshes/forward_drive_arm.STL
[3.523s] -- Installing: /home/vboxuser/arduinobot_ws/install/arduinobot_description/share/arduinobot_description/meshes/servo_plate.STL
[3.525s] -- Installing: /home/vboxuser/arduinobot_ws/install/arduinobot_description/share/arduinobot_description/meshes/right_finger.STL
[3.527s] -- Installing: /home/vboxuser/arduinobot_ws/install/arduinobot_description/share/arduinobot_description/meshes/left_finger.STL
[3.532s] -- Installing: /home/vboxuser/arduinobot_ws/install/arduinobot_description/share/arduinobot_description/meshes/link.STL
[3.546s] -- Installing: /home/vboxuser/arduinobot_ws/install/arduinobot_description/share/arduinobot_description/meshes/claw_support.STL
[3.562s] -- Installing: /home/vboxuser/arduinobot_ws/install/arduinobot_description/share/arduinobot_description/meshes/basement.STL
[3.567s] -- Installing: /home/vboxuser/arduinobot_ws/install/arduinobot_description/share/arduinobot_description/meshes/triangular_link.STL
[3.575s] -- Installing: /home/vboxuser/arduinobot_ws/install/arduinobot_description/share/arduinobot_description/meshes/round_plate.STL
[3.582s] -- Installing: /home/vboxuser/arduinobot_ws/install/arduinobot_description/share/arduinobot_description/meshes/plate.STL
[3.622s] -- Installing: /home/vboxuser/arduinobot_ws/install/arduinobot_description/share/arduinobot_description/meshes/base_plate.STL
[3.672s] -- Installing: /home/vboxuser/arduinobot_ws/install/arduinobot_description/share/arduinobot_description/meshes/horizontal_arm.STL
[3.698s] -- Installing: /home/vboxuser/arduinobot_ws/install/arduinobot_description/share/arduinobot_description/meshes/vertical_drive_arm.STL
[3.720s] -- Installing: /home/vboxuser/arduinobot_ws/install/arduinobot_description/share/arduinobot_description/urdf
[3.721s] -- Installing: /home/vboxuser/arduinobot_ws/install/arduinobot_description/share/arduinobot_description/urdf/arduinobot.urdf.xacro
[3.724s] -- Up-to-date: /home/vboxuser/arduinobot_ws/install/arduinobot_description/share/ament_index/resource_index/package_run_dependencies/arduinobot_description
[3.727s] -- Up-to-date: /home/vboxuser/arduinobot_ws/install/arduinobot_description/share/ament_index/resource_index/parent_prefix_path/arduinobot_description
[3.728s] -- Up-to-date: /home/vboxuser/arduinobot_ws/install/arduinobot_description/share/arduinobot_description/environment/ament_prefix_path.sh
[3.734s] -- Up-to-date: /home/vboxuser/arduinobot_ws/install/arduinobot_description/share/arduinobot_description/environment/ament_prefix_path.dsv
[3.735s] -- Up-to-date: /home/vboxuser/arduinobot_ws/install/arduinobot_description/share/arduinobot_description/environment/path.sh
[3.735s] -- Up-to-date: /home/vboxuser/arduinobot_ws/install/arduinobot_description/share/arduinobot_description/environment/path.dsv
[3.736s] -- Up-to-date: /home/vboxuser/arduinobot_ws/install/arduinobot_description/share/arduinobot_description/local_setup.bash
[3.741s] -- Up-to-date: /home/vboxuser/arduinobot_ws/install/arduinobot_description/share/arduinobot_description/local_setup.sh
[3.741s] -- Up-to-date: /home/vboxuser/arduinobot_ws/install/arduinobot_description/share/arduinobot_description/local_setup.zsh
[3.742s] -- Up-to-date: /home/vboxuser/arduinobot_ws/install/arduinobot_description/share/arduinobot_description/local_setup.dsv
[3.742s] -- Installing: /home/vboxuser/arduinobot_ws/install/arduinobot_description/share/arduinobot_description/package.dsv
[3.742s] -- Up-to-date: /home/vboxuser/arduinobot_ws/install/arduinobot_description/share/ament_index/resource_index/packages/arduinobot_description
[3.746s] -- Up-to-date: /home/vboxuser/arduinobot_ws/install/arduinobot_description/share/arduinobot_description/cmake/arduinobot_descriptionConfig.cmake
[3.746s] -- Up-to-date: /home/vboxuser/arduinobot_ws/install/arduinobot_description/share/arduinobot_description/cmake/arduinobot_descriptionConfig-version.cmake
[3.747s] -- Up-to-date: /home/vboxuser/arduinobot_ws/install/arduinobot_description/share/arduinobot_description/package.xml
[3.759s] Invoked command in '/home/vboxuser/arduinobot_ws/build/arduinobot_description' returned '0': CMAKE_PREFIX_PATH=${CMAKE_PREFIX_PATH}:/home/vboxuser/arduinobot_ws/install/arduinobot_py_examples:/opt/ros/jazzy DEBUGINFOD_URLS=https://debuginfod.ubuntu.com /usr/bin/cmake --install /home/vboxuser/arduinobot_ws/build/arduinobot_description
