[0.192s] Invoking command in '/home/vboxuser/arduinobot_ws/build/arduinobot_description': CMAKE_PREFIX_PATH=${CMAKE_PREFIX_PATH}:/home/vboxuser/arduinobot_ws/install/arduinobot_py_examples:/opt/ros/jazzy DEBUGINFOD_URLS=https://debuginfod.ubuntu.com /usr/bin/cmake /home/vboxuser/arduinobot_ws/src/arduinobot_description -DCMAKE_INSTALL_PREFIX=/home/vboxuser/arduinobot_ws/install/arduinobot_description
[0.977s] -- The C compiler identification is GNU 13.3.0
[1.975s] -- The CXX compiler identification is GNU 13.3.0
[2.283s] -- Detecting C compiler ABI info
[3.525s] -- Detecting C compiler ABI info - done
[3.716s] -- Check for working C compiler: /usr/bin/cc - skipped
[3.717s] -- Detecting C compile features
[3.728s] -- Detecting C compile features - done
[3.840s] -- Detecting CXX compiler ABI info
[4.949s] -- Detecting CXX compiler ABI info - done
[5.089s] -- Check for working CXX compiler: /usr/bin/c++ - skipped
[5.091s] -- Detecting CXX compile features
[5.108s] -- Detecting CXX compile features - done
[5.148s] -- Found ament_cmake: 2.5.4 (/opt/ros/jazzy/share/ament_cmake/cmake)
[7.454s] -- Found Python3: /usr/bin/python3 (found version "3.12.3") found components: Interpreter 
[10.043s] -- Found ament_lint_auto: 0.17.2 (/opt/ros/jazzy/share/ament_lint_auto/cmake)
[12.138s] -- Added test 'lint_cmake' to check CMake code style
[12.149s] -- Added test 'xmllint' to check XML markup files
[12.163s] -- Configuring done (11.9s)
[12.185s] -- Generating done (0.0s)
[12.203s] -- Build files have been written to: /home/vboxuser/arduinobot_ws/build/arduinobot_description
[12.249s] Invoked command in '/home/vboxuser/arduinobot_ws/build/arduinobot_description' returned '0': CMAKE_PREFIX_PATH=${CMAKE_PREFIX_PATH}:/home/vboxuser/arduinobot_ws/install/arduinobot_py_examples:/opt/ros/jazzy DEBUGINFOD_URLS=https://debuginfod.ubuntu.com /usr/bin/cmake /home/vboxuser/arduinobot_ws/src/arduinobot_description -DCMAKE_INSTALL_PREFIX=/home/vboxuser/arduinobot_ws/install/arduinobot_description
[12.252s] Invoking command in '/home/vboxuser/arduinobot_ws/build/arduinobot_description': CMAKE_PREFIX_PATH=${CMAKE_PREFIX_PATH}:/home/vboxuser/arduinobot_ws/install/arduinobot_py_examples:/opt/ros/jazzy DEBUGINFOD_URLS=https://debuginfod.ubuntu.com /usr/bin/cmake --build /home/vboxuser/arduinobot_ws/build/arduinobot_description -- -j2 -l2
[13.019s] Invoked command in '/home/vboxuser/arduinobot_ws/build/arduinobot_description' returned '0': CMAKE_PREFIX_PATH=${CMAKE_PREFIX_PATH}:/home/vboxuser/arduinobot_ws/install/arduinobot_py_examples:/opt/ros/jazzy DEBUGINFOD_URLS=https://debuginfod.ubuntu.com /usr/bin/cmake --build /home/vboxuser/arduinobot_ws/build/arduinobot_description -- -j2 -l2
[13.030s] Invoking command in '/home/vboxuser/arduinobot_ws/build/arduinobot_description': CMAKE_PREFIX_PATH=${CMAKE_PREFIX_PATH}:/home/vboxuser/arduinobot_ws/install/arduinobot_py_examples:/opt/ros/jazzy DEBUGINFOD_URLS=https://debuginfod.ubuntu.com /usr/bin/cmake --install /home/vboxuser/arduinobot_ws/build/arduinobot_description
[13.114s] -- Install configuration: ""
[13.117s] -- Installing: /home/vboxuser/arduinobot_ws/install/arduinobot_description/share/ament_index/resource_index/package_run_dependencies/arduinobot_description
[13.117s] -- Installing: /home/vboxuser/arduinobot_ws/install/arduinobot_description/share/ament_index/resource_index/parent_prefix_path/arduinobot_description
[13.122s] -- Installing: /home/vboxuser/arduinobot_ws/install/arduinobot_description/share/arduinobot_description/environment/ament_prefix_path.sh
[13.123s] -- Installing: /home/vboxuser/arduinobot_ws/install/arduinobot_description/share/arduinobot_description/environment/ament_prefix_path.dsv
[13.125s] -- Installing: /home/vboxuser/arduinobot_ws/install/arduinobot_description/share/arduinobot_description/environment/path.sh
[13.127s] -- Installing: /home/vboxuser/arduinobot_ws/install/arduinobot_description/share/arduinobot_description/environment/path.dsv
[13.147s] -- Installing: /home/vboxuser/arduinobot_ws/install/arduinobot_description/share/arduinobot_description/local_setup.bash
[13.148s] -- Installing: /home/vboxuser/arduinobot_ws/install/arduinobot_description/share/arduinobot_description/local_setup.sh
[13.148s] -- Installing: /home/vboxuser/arduinobot_ws/install/arduinobot_description/share/arduinobot_description/local_setup.zsh
[13.149s] -- Installing: /home/vboxuser/arduinobot_ws/install/arduinobot_description/share/arduinobot_description/local_setup.dsv
[13.149s] -- Installing: /home/vboxuser/arduinobot_ws/install/arduinobot_description/share/arduinobot_description/package.dsv
[13.155s] -- Installing: /home/vboxuser/arduinobot_ws/install/arduinobot_description/share/ament_index/resource_index/packages/arduinobot_description
[13.155s] -- Installing: /home/vboxuser/arduinobot_ws/install/arduinobot_description/share/arduinobot_description/cmake/arduinobot_descriptionConfig.cmake
[13.158s] -- Installing: /home/vboxuser/arduinobot_ws/install/arduinobot_description/share/arduinobot_description/cmake/arduinobot_descriptionConfig-version.cmake
[13.177s] -- Installing: /home/vboxuser/arduinobot_ws/install/arduinobot_description/share/arduinobot_description/package.xml
[13.186s] Invoked command in '/home/vboxuser/arduinobot_ws/build/arduinobot_description' returned '0': CMAKE_PREFIX_PATH=${CMAKE_PREFIX_PATH}:/home/vboxuser/arduinobot_ws/install/arduinobot_py_examples:/opt/ros/jazzy DEBUGINFOD_URLS=https://debuginfod.ubuntu.com /usr/bin/cmake --install /home/vboxuser/arduinobot_ws/build/arduinobot_description
